[13:16:07] Using gulpfile ~/Training/NODEJS/appSCM/gulpfile.js
[13:16:07] Starting 'browser-sync'...
[13:16:07] Finished 'browser-sync' after 22 ms
[BS] Proxying: http://localhost:5080
[BS] Access URLs:
 --------------------------------------
       Local: http://localhost:3000
    External: http://192.168.1.184:3000
 --------------------------------------
          UI: http://localhost:3001
 UI External: http://192.168.1.184:3001
 --------------------------------------
[BS] Reloading Browsers...
[BS] Reloading Browsers...
[BS] Reloading Browsers...
[19:54:05] Using gulpfile ~/Training/NODEJS/appSCM/gulpfile.js
[19:54:06] Starting 'browser-sync'...
[19:54:06] Finished 'browser-sync' after 102 ms
events.js:160
      throw er; // Unhandled 'error' event
      ^

Error: listen EACCES 0.0.0.0:80
    at Object.exports._errnoException (util.js:1022:11)
    at exports._exceptionWithHostPort (util.js:1045:20)
    at Server._listen2 (net.js:1246:19)
    at listen (net.js:1295:10)
    at Server.listen (net.js:1391:5)
    at module.exports.plugin (/home/jca/Training/NODEJS/appSCM/node_modules/browser-sync/lib/server/index.js:36:25)
    at Object.startServer [as fn] (/home/jca/Training/NODEJS/appSCM/node_modules/browser-sync/lib/async.js:195:52)
    at /home/jca/Training/NODEJS/appSCM/node_modules/browser-sync/lib/browser-sync.js:149:14
    at iterate (/home/jca/Training/NODEJS/appSCM/node_modules/browser-sync/lib/utils.js:276:13)
    at /home/jca/Training/NODEJS/appSCM/node_modules/browser-sync/lib/utils.js:285:25
[19:57:23] Using gulpfile ~/Training/NODEJS/appSCM/gulpfile.js
[19:57:23] Starting 'browser-sync'...
[19:57:23] Finished 'browser-sync' after 22 ms
[BS] Proxying: http://localhost:5080
[BS] Access URLs:
 --------------------------------------
       Local: http://localhost:3000
    External: http://192.168.1.184:3000
 --------------------------------------
          UI: http://localhost:8080
 UI External: http://192.168.1.184:8080
 --------------------------------------
[20:02:52] Using gulpfile ~/Training/NODEJS/appSCM/gulpfile.js
[20:02:52] Starting 'browser-sync'...
[20:02:52] Finished 'browser-sync' after 22 ms
events.js:160
      throw er; // Unhandled 'error' event
      ^

Error: listen EACCES 0.0.0.0:80
    at Object.exports._errnoException (util.js:1022:11)
    at exports._exceptionWithHostPort (util.js:1045:20)
    at Server._listen2 (net.js:1246:19)
    at listen (net.js:1295:10)
    at Server.listen (net.js:1391:5)
    at module.exports.plugin (/home/jca/Training/NODEJS/appSCM/node_modules/browser-sync/lib/server/index.js:36:25)
    at Object.startServer [as fn] (/home/jca/Training/NODEJS/appSCM/node_modules/browser-sync/lib/async.js:195:52)
    at /home/jca/Training/NODEJS/appSCM/node_modules/browser-sync/lib/browser-sync.js:149:14
    at iterate (/home/jca/Training/NODEJS/appSCM/node_modules/browser-sync/lib/utils.js:276:13)
    at /home/jca/Training/NODEJS/appSCM/node_modules/browser-sync/lib/utils.js:285:25
[20:03:32] Using gulpfile ~/Training/NODEJS/appSCM/gulpfile.js
[20:03:32] Starting 'browser-sync'...
[20:03:32] Finished 'browser-sync' after 23 ms
[BS] Proxying: http://localhost:5080
[BS] Access URLs:
 --------------------------------------
       Local: http://localhost:8080
    External: http://192.168.1.184:8080
 --------------------------------------
          UI: http://localhost:8081
 UI External: http://192.168.1.184:8081
 --------------------------------------
[BS] Reloading Browsers...
[BS] Reloading Browsers...
[BS] Reloading Browsers...
[BS] Reloading Browsers...
[BS] Reloading Browsers...
[BS] Reloading Browsers...
[BS] Reloading Browsers...
[BS] Reloading Browsers...
[BS] Reloading Browsers...
[BS] Reloading Browsers...
[BS] Reloading Browsers...
[BS] Reloading Browsers...
[00:33:26] Using gulpfile ~/Training/NODEJS/appSCM/gulpfile.js
[00:33:26] Starting 'browser-sync'...
[00:33:26] Finished 'browser-sync' after 101 ms
[BS] Proxying: http://localhost:5080
[BS] Access URLs:
 --------------------------------------
       Local: http://localhost:8080
    External: http://192.168.1.185:8080
 --------------------------------------
          UI: http://localhost:8081
 UI External: http://192.168.1.185:8081
 --------------------------------------
[BS] Reloading Browsers...
[BS] Reloading Browsers...
[BS] Reloading Browsers...
[BS] Reloading Browsers...
[BS] Reloading Browsers...
[BS] Reloading Browsers...
[BS] Reloading Browsers...
[BS] Reloading Browsers...
[BS] Reloading Browsers...
[BS] Reloading Browsers...
[BS] Reloading Browsers...
[BS] Reloading Browsers...
[BS] Reloading Browsers...
[10:01:53] Using gulpfile ~/Training/NODEJS/appSCM/gulpfile.js
[10:01:53] Starting 'browser-sync'...
[10:01:53] Finished 'browser-sync' after 92 ms
[BS] Proxying: http://localhost:5080
[BS] Access URLs:
 ----------------------------
 Local: http://localhost:8080
 ----------------------------
    UI: http://localhost:8081
 ----------------------------
[BS] Reloading Browsers...
[BS] Reloading Browsers...
[BS] Reloading Browsers...
[BS] Reloading Browsers...
[BS] Reloading Browsers...
[BS] Reloading Browsers...
[BS] Reloading Browsers...
[12:19:03] Using gulpfile ~/Training/NODEJS/appSCM/gulpfile.js
[12:19:03] Starting 'browser-sync'...
[12:19:03] Finished 'browser-sync' after 61 ms
[BS] Proxying: http://localhost:5080
[BS] Access URLs:
 ----------------------------
 Local: http://localhost:8080
 ----------------------------
    UI: http://localhost:8081
 ----------------------------
[BS] Reloading Browsers...
[BS] Reloading Browsers...
[BS] Reloading Browsers...
[BS] Reloading Browsers...
[BS] Reloading Browsers...
[BS] Reloading Browsers...
[BS] Reloading Browsers...
[BS] Reloading Browsers...
[BS] Reloading Browsers...
[BS] Reloading Browsers...
[BS] Reloading Browsers...
[BS] Reloading Browsers...
[BS] Reloading Browsers...
[BS] Reloading Browsers...
[BS] Reloading Browsers...
[BS] Reloading Browsers...
[BS] Reloading Browsers...
[BS] Reloading Browsers...
[BS] Reloading Browsers...
[BS] Reloading Browsers...
[BS] Reloading Browsers...
[BS] Reloading Browsers...
[BS] Reloading Browsers...
[BS] Reloading Browsers...
[BS] Reloading Browsers...
[BS] Reloading Browsers...
[14:51:10] Using gulpfile ~/Training/NODEJS/appSCM/gulpfile.js
[14:51:10] Starting 'browser-sync'...
[14:51:10] 'browser-sync' errored after 79 ms
[14:51:10] TypeError: Cannot create property 'mark' on string 'api-scm/public/bootstrap/css/*.css'
    at new Gaze (/home/jca/Training/NODEJS/appSCM/node_modules/gaze/lib/gaze.js:41:13)
    at gaze (/home/jca/Training/NODEJS/appSCM/node_modules/gaze/lib/gaze.js:86:10)
    at Object.module.exports [as watch] (/home/jca/Training/NODEJS/appSCM/node_modules/glob-watcher/index.js:12:17)
    at Gulp.watch (/home/jca/Training/NODEJS/appSCM/node_modules/gulp/index.js:40:14)
    at Gulp.<anonymous> (/home/jca/Training/NODEJS/appSCM/gulpfile.js:13:10)
    at module.exports (/home/jca/Training/NODEJS/appSCM/node_modules/orchestrator/lib/runTask.js:34:7)
    at Gulp.Orchestrator._runTask (/home/jca/Training/NODEJS/appSCM/node_modules/orchestrator/index.js:273:3)
    at Gulp.Orchestrator._runStep (/home/jca/Training/NODEJS/appSCM/node_modules/orchestrator/index.js:214:10)
    at Gulp.Orchestrator.start (/home/jca/Training/NODEJS/appSCM/node_modules/orchestrator/index.js:134:8)
    at /usr/lib/node_modules/gulp/bin/gulp.js:129:20
[BS] Proxying: http://localhost:5080
[BS] Access URLs:
 ----------------------------
 Local: http://localhost:8080
 ----------------------------
    UI: http://localhost:8081
 ----------------------------
